<?xml version="1.0" encoding="UTF-8"?>
<testsuite xmlns:xsi="http://www.w3.org/2001/XMLSchema-instance" xsi:noNamespaceSchemaLocation="https://maven.apache.org/surefire/maven-surefire-plugin/xsd/surefire-test-report-3.0.xsd" version="3.0" name="Etsy search functionality and verification" time="125.056" tests="2" errors="1" skipped="0" failures="1">
  <properties>
[...]
</properties>
  <testcase name="Etsy search functionality and title verification" classname="Etsy search functionality and verification" time="85.299">
    <failure type="java.lang.AssertionError"><![CDATA[java.lang.AssertionError
]]></failure>
    <system-out><![CDATA[
Scenario: Etsy search functionality and title verification &amp#27;[90m# src/test/resources/features/etsy.feature:4&amp#27;[0m
  &amp#27;[32mGiven &amp#27;[0m&amp#27;[32muser is on etsy home page&amp#27;[0m                          &amp#27;[90m# com.cydeo.step_definitions.hm.Etsy_StepDef.user_is_on_etsy_home_page()&amp#27;[0m
  &amp#27;[32mWhen &amp#27;[0m&amp#27;[32muser types &amp#27;[0m&amp#27;[32m&amp#27;[1m"women bag"&amp#27;[0m&amp#27;[32m in the etsy search box&amp#27;[0m       &amp#27;[90m# com.cydeo.step_definitions.hm.Etsy_StepDef.user_types_in_the_etsy_search_box(java.lang.String)&amp#27;[0m
  &amp#27;[32mAnd &amp#27;[0m&amp#27;[32muser clicks etsy search button&amp#27;[0m                       &amp#27;[90m# com.cydeo.step_definitions.hm.Etsy_StepDef.user_clicks_etsy_search_button()&amp#27;[0m
  &amp#27;[31mThen &amp#27;[0m&amp#27;[31muser sees &amp#27;[0m&amp#27;[31m&amp#27;[1m"women bag"&amp#27;[0m&amp#27;[31m is in the etsy&amp#27;[0m                &amp#27;[90m# com.cydeo.step_definitions.hm.Etsy_StepDef.user_sees_is_in_the_etsy(java.lang.String)&amp#27;[0m
      &amp#27;[31mjava.lang.AssertionError
	at org.junit.Assert.fail(Assert.java:87)
	at org.junit.Assert.assertTrue(Assert.java:42)
	at org.junit.Assert.assertTrue(Assert.java:53)
	at com.cydeo.step_definitions.hm.Etsy_StepDef.user_sees_is_in_the_etsy(Etsy_StepDef.java:31)
	at ✽.user sees "women bag" is in the etsy(file:///Users/dawitgebrekidan/Cucumber-junit-project/src/test/resources/features/etsy.feature:8)
&amp#27;[0m

    Embedding Etsy search functionality and title verification [image/png 2419081 bytes]

]]></system-out>
    <system-err><![CDATA[Starting ChromeDriver 107.0.5304.62 (1eec40d3a5764881c92085aaee66d25075c159aa-refs/branch-heads/5304@{#942}) on port 11030
Only local connections are allowed.
Please see https://chromedriver.chromium.org/security-considerations for suggestions on keeping ChromeDriver safe.
ChromeDriver was started successfully.
Nov 12, 2022 12:27:09 PM org.openqa.selenium.remote.ProtocolHandshake createSession
INFO: Detected dialect: W3C
]]></system-err>
  </testcase>
  <testcase name="Etsy Search Functionality Title Verification" classname="Etsy search functionality and verification" time="39.755">
    <error message="no such element: Unable to locate element: {&quot;method&quot;:&quot;xpath&quot;,&quot;selector&quot;:&quot;/span[@class=&apos;wt-icon wt-nudge-b-2 wt-nudge-r-1&apos;]//*[name()=&apos;svg&apos;]&quot;}&#10;  (Session info: chrome=107.0.5304.110)&#10;For documentation on this error, please visit: https://www.seleniumhq.org/exceptions/no_such_element.html&#10;Build info: version: &apos;3.141.59&apos;, revision: &apos;e82be7d358&apos;, time: &apos;2018-11-14T08:17:03&apos;&#10;System info: host: &apos;Dawits-MacBook-Air.local&apos;, ip: &apos;2601:249:8100:fba0:50a0:59fc:6e8a:322b%en0&apos;, os.name: &apos;Mac OS X&apos;, os.arch: &apos;x86_64&apos;, os.version: &apos;11.4&apos;, java.version: &apos;11.0.12&apos;&#10;Driver info: org.openqa.selenium.chrome.ChromeDriver&#10;Capabilities {acceptInsecureCerts: false, browserName: chrome, browserVersion: 107.0.5304.110, chrome: {chromedriverVersion: 107.0.5304.62 (1eec40d3a576..., userDataDir: /var/folders/1f/269s82mj7s7...}, goog:chromeOptions: {debuggerAddress: localhost:51892}, javascriptEnabled: true, networkConnectionEnabled: false, pageLoadStrategy: normal, platform: MAC, platformName: MAC, proxy: Proxy(), setWindowRect: true, strictFileInteractability: false, timeouts: {implicit: 0, pageLoad: 300000, script: 30000}, unhandledPromptBehavior: dismiss and notify, webauthn:extension:credBlob: true, webauthn:extension:largeBlob: true, webauthn:virtualAuthenticators: true}&#10;Session ID: fbb11a4b5b3b96a27a361e0afa3f600d&#10;*** Element info: {Using=xpath, value=/span[@class=&apos;wt-icon wt-nudge-b-2 wt-nudge-r-1&apos;]//*[name()=&apos;svg&apos;]}" type="org.openqa.selenium.NoSuchElementException"><![CDATA[org.openqa.selenium.NoSuchElementException: 
no such element: Unable to locate element: {"method":"xpath","selector":"/span[@class='wt-icon wt-nudge-b-2 wt-nudge-r-1']//*[name()='svg']"}
  (Session info: chrome=107.0.5304.110)
For documentation on this error, please visit: https://www.seleniumhq.org/exceptions/no_such_element.html
Build info: version: '3.141.59', revision: 'e82be7d358', time: '2018-11-14T08:17:03'
System info: host: 'Dawits-MacBook-Air.local', ip: '2601:249:8100:fba0:50a0:59fc:6e8a:322b%en0', os.name: 'Mac OS X', os.arch: 'x86_64', os.version: '11.4', java.version: '11.0.12'
Driver info: org.openqa.selenium.chrome.ChromeDriver
Capabilities {acceptInsecureCerts: false, browserName: chrome, browserVersion: 107.0.5304.110, chrome: {chromedriverVersion: 107.0.5304.62 (1eec40d3a576..., userDataDir: /var/folders/1f/269s82mj7s7...}, goog:chromeOptions: {debuggerAddress: localhost:51892}, javascriptEnabled: true, networkConnectionEnabled: false, pageLoadStrategy: normal, platform: MAC, platformName: MAC, proxy: Proxy(), setWindowRect: true, strictFileInteractability: false, timeouts: {implicit: 0, pageLoad: 300000, script: 30000}, unhandledPromptBehavior: dismiss and notify, webauthn:extension:credBlob: true, webauthn:extension:largeBlob: true, webauthn:virtualAuthenticators: true}
Session ID: fbb11a4b5b3b96a27a361e0afa3f600d
*** Element info: {Using=xpath, value=/span[@class='wt-icon wt-nudge-b-2 wt-nudge-r-1']//*[name()='svg']}
]]></error>
    <system-out><![CDATA[
Scenario: Etsy Search Functionality Title Verification &amp#27;[90m# src/test/resources/features/etsy.feature:14&amp#27;[0m
  &amp#27;[32mGiven &amp#27;[0m&amp#27;[32muser is on the etsy home page&amp#27;[0m                  &amp#27;[90m# com.cydeo.step_definitions.hm.EtsySearch_StepDef.user_is_on_the_etsy_home_page()&amp#27;[0m
  &amp#27;[32mWhen &amp#27;[0m&amp#27;[32muser types &amp#27;[0m&amp#27;[32m&amp#27;[1m"Wooden Spoon"&amp#27;[0m&amp#27;[32m in the search box&amp#27;[0m     &amp#27;[90m# com.cydeo.step_definitions.hm.EtsySearch_StepDef.user_types_in_the_search_box(java.lang.String)&amp#27;[0m
  &amp#27;[31mAnd &amp#27;[0m&amp#27;[31muser clicks search button&amp#27;[0m                        &amp#27;[90m# com.cydeo.step_definitions.hm.EtsySearch_StepDef.user_clicks_search_button()&amp#27;[0m
      &amp#27;[31morg.openqa.selenium.NoSuchElementException: no such element: Unable to locate element: {"method":"xpath","selector":"/span[@class='wt-icon wt-nudge-b-2 wt-nudge-r-1']//*[name()='svg']"}
  (Session info: chrome=107.0.5304.110)
For documentation on this error, please visit: https://www.seleniumhq.org/exceptions/no_such_element.html
Build info: version: '3.141.59', revision: 'e82be7d358', time: '2018-11-14T08:17:03'
System info: host: 'Dawits-MacBook-Air.local', ip: '2601:249:8100:fba0:50a0:59fc:6e8a:322b%en0', os.name: 'Mac OS X', os.arch: 'x86_64', os.version: '11.4', java.version: '11.0.12'
Driver info: org.openqa.selenium.chrome.ChromeDriver
Capabilities {acceptInsecureCerts: false, browserName: chrome, browserVersion: 107.0.5304.110, chrome: {chromedriverVersion: 107.0.5304.62 (1eec40d3a576..., userDataDir: /var/folders/1f/269s82mj7s7...}, goog:chromeOptions: {debuggerAddress: localhost:51892}, javascriptEnabled: true, networkConnectionEnabled: false, pageLoadStrategy: normal, platform: MAC, platformName: MAC, proxy: Proxy(), setWindowRect: true, strictFileInteractability: false, timeouts: {implicit: 0, pageLoad: 300000, script: 30000}, unhandledPromptBehavior: dismiss and notify, webauthn:extension:credBlob: true, webauthn:extension:largeBlob: true, webauthn:virtualAuthenticators: true}
Session ID: fbb11a4b5b3b96a27a361e0afa3f600d
*** Element info: {Using=xpath, value=/span[@class='wt-icon wt-nudge-b-2 wt-nudge-r-1']//*[name()='svg']}
	at java.base/jdk.internal.reflect.NativeConstructorAccessorImpl.newInstance0(Native Method)
	at java.base/jdk.internal.reflect.NativeConstructorAccessorImpl.newInstance(NativeConstructorAccessorImpl.java:62)
	at java.base/jdk.internal.reflect.DelegatingConstructorAccessorImpl.newInstance(DelegatingConstructorAccessorImpl.java:45)
	at java.base/java.lang.reflect.Constructor.newInstance(Constructor.java:490)
	at org.openqa.selenium.remote.http.W3CHttpResponseCodec.createException(W3CHttpResponseCodec.java:187)
	at org.openqa.selenium.remote.http.W3CHttpResponseCodec.decode(W3CHttpResponseCodec.java:122)
	at org.openqa.selenium.remote.http.W3CHttpResponseCodec.decode(W3CHttpResponseCodec.java:49)
	at org.openqa.selenium.remote.HttpCommandExecutor.execute(HttpCommandExecutor.java:158)
	at org.openqa.selenium.remote.service.DriverCommandExecutor.execute(DriverCommandExecutor.java:83)
	at org.openqa.selenium.remote.RemoteWebDriver.execute(RemoteWebDriver.java:552)
	at org.openqa.selenium.remote.RemoteWebDriver.findElement(RemoteWebDriver.java:323)
	at org.openqa.selenium.remote.RemoteWebDriver.findElementByXPath(RemoteWebDriver.java:428)
	at org.openqa.selenium.By$ByXPath.findElement(By.java:353)
	at org.openqa.selenium.remote.RemoteWebDriver.findElement(RemoteWebDriver.java:315)
	at org.openqa.selenium.support.pagefactory.DefaultElementLocator.findElement(DefaultElementLocator.java:69)
	at org.openqa.selenium.support.pagefactory.internal.LocatingElementHandler.invoke(LocatingElementHandler.java:38)
	at com.sun.proxy.$Proxy20.click(Unknown Source)
	at com.cydeo.step_definitions.hm.EtsySearch_StepDef.user_clicks_search_button(EtsySearch_StepDef.java:25)
	at ✽.user clicks search button(file:///Users/dawitgebrekidan/Cucumber-junit-project/src/test/resources/features/etsy.feature:17)
&amp#27;[0m
  &amp#27;[36mThen &amp#27;[0m&amp#27;[36muser sees &amp#27;[0m&amp#27;[36m&amp#27;[1m"Wooden Spoon"&amp#27;[0m&amp#27;[36m is in the title&amp#27;[0m        &amp#27;[90m# com.cydeo.step_definitions.hm.EtsySearch_StepDef.user_sees_is_in_the_title(java.lang.String)&amp#27;[0m

    Embedding Etsy Search Functionality Title Verification [image/png 1280504 bytes]

]]></system-out>
    <system-err><![CDATA[Starting ChromeDriver 107.0.5304.62 (1eec40d3a5764881c92085aaee66d25075c159aa-refs/branch-heads/5304@{#942}) on port 33784
Only local connections are allowed.
Please see https://chromedriver.chromium.org/security-considerations for suggestions on keeping ChromeDriver safe.
ChromeDriver was started successfully.
Nov 12, 2022 12:28:28 PM org.openqa.selenium.remote.ProtocolHandshake createSession
INFO: Detected dialect: W3C
]]></system-err>
  </testcase>
</testsuite>