-------------------------------------------------------------------------------
Test set: user should be able to loin with valid credentials
-------------------------------------------------------------------------------
Tests run: 5, Failures: 0, Errors: 4, Skipped: 0, Time elapsed: 18.747 s <<< FAILURE! - in user should be able to loin with valid credentials
user should be able to loin with valid credentials.Login scenario with 2 param  Time elapsed: 0.09 s  <<< ERROR!
io.cucumber.core.exception.CucumberException: Failed to instantiate class com.cydeo.step_definitions.WebTableLogin_StepDefs
Caused by: java.lang.reflect.InvocationTargetException
Caused by: java.lang.NullPointerException

user should be able to loin with valid credentials.Login scenario with 2 param  Time elapsed: 0 s  <<< ERROR!
java.lang.NullPointerException

user should be able to loin with valid credentials.Login scenario with data table  Time elapsed: 0.037 s  <<< ERROR!
io.cucumber.core.exception.CucumberException: Failed to instantiate class com.cydeo.step_definitions.WebTableLogin_StepDefs
Caused by: java.lang.reflect.InvocationTargetException
Caused by: java.lang.NullPointerException

user should be able to loin with valid credentials.Login scenario with data table  Time elapsed: 0 s  <<< ERROR!
java.lang.NullPointerException

