-------------------------------------------------------------------------------
Test set: Web table user order feature
-------------------------------------------------------------------------------
Tests run: 26, Failures: 0, Errors: 26, Skipped: 0, Time elapsed: 0.892 s <<< FAILURE! - in Web table user order feature
Web table user order feature.User should be able to place order and order seen in web table  Time elapsed: 0.093 s  <<< ERROR!
io.cucumber.core.exception.CucumberException: Failed to instantiate class com.cydeo.step_definitions.WebTableOrder_StepDefs
Caused by: java.lang.reflect.InvocationTargetException
Caused by: java.lang.NullPointerException

Web table user order feature.User should be able to place order and order seen in web table  Time elapsed: 0 s  <<< ERROR!
java.lang.NullPointerException

Web table user order feature. #1  Time elapsed: 0.061 s  <<< ERROR!
io.cucumber.core.exception.CucumberException: Failed to instantiate class com.cydeo.step_definitions.WebTableOrder_StepDefs
Caused by: java.lang.reflect.InvocationTargetException
Caused by: java.lang.NullPointerException

Web table user order feature. #1  Time elapsed: 0 s  <<< ERROR!
java.lang.NullPointerException

Web table user order feature. #2  Time elapsed: 0.085 s  <<< ERROR!
io.cucumber.core.exception.CucumberException: Failed to instantiate class com.cydeo.step_definitions.WebTableOrder_StepDefs
Caused by: java.lang.reflect.InvocationTargetException
Caused by: java.lang.NullPointerException

Web table user order feature. #2  Time elapsed: 0 s  <<< ERROR!
java.lang.NullPointerException

Web table user order feature. #3  Time elapsed: 0.16 s  <<< ERROR!
io.cucumber.core.exception.CucumberException: Failed to instantiate class com.cydeo.step_definitions.WebTableOrder_StepDefs
Caused by: java.lang.reflect.InvocationTargetException
Caused by: java.lang.NullPointerException

Web table user order feature. #3  Time elapsed: 0 s  <<< ERROR!
java.lang.NullPointerException

Web table user order feature. #4  Time elapsed: 0.022 s  <<< ERROR!
io.cucumber.core.exception.CucumberException: Failed to instantiate class com.cydeo.step_definitions.WebTableOrder_StepDefs
Caused by: java.lang.reflect.InvocationTargetException
Caused by: java.lang.NullPointerException

Web table user order feature. #4  Time elapsed: 0 s  <<< ERROR!
java.lang.NullPointerException

Web table user order feature. #5  Time elapsed: 0.123 s  <<< ERROR!
io.cucumber.core.exception.CucumberException: Failed to instantiate class com.cydeo.step_definitions.WebTableOrder_StepDefs
Caused by: java.lang.reflect.InvocationTargetException
Caused by: java.lang.NullPointerException

Web table user order feature. #5  Time elapsed: 0 s  <<< ERROR!
java.lang.NullPointerException

Web table user order feature. #6  Time elapsed: 0.086 s  <<< ERROR!
io.cucumber.core.exception.CucumberException: Failed to instantiate class com.cydeo.step_definitions.WebTableOrder_StepDefs
Caused by: java.lang.reflect.InvocationTargetException
Caused by: java.lang.NullPointerException

Web table user order feature. #6  Time elapsed: 0 s  <<< ERROR!
java.lang.NullPointerException

Web table user order feature. #7  Time elapsed: 0.027 s  <<< ERROR!
io.cucumber.core.exception.CucumberException: Failed to instantiate class com.cydeo.step_definitions.WebTableOrder_StepDefs
Caused by: java.lang.reflect.InvocationTargetException
Caused by: java.lang.NullPointerException

Web table user order feature. #7  Time elapsed: 0 s  <<< ERROR!
java.lang.NullPointerException

Web table user order feature. #8  Time elapsed: 0.024 s  <<< ERROR!
io.cucumber.core.exception.CucumberException: Failed to instantiate class com.cydeo.step_definitions.WebTableOrder_StepDefs
Caused by: java.lang.reflect.InvocationTargetException
Caused by: java.lang.NullPointerException

Web table user order feature. #8  Time elapsed: 0 s  <<< ERROR!
java.lang.NullPointerException

Web table user order feature. #9  Time elapsed: 0.013 s  <<< ERROR!
io.cucumber.core.exception.CucumberException: Failed to instantiate class com.cydeo.step_definitions.WebTableOrder_StepDefs
Caused by: java.lang.reflect.InvocationTargetException
Caused by: java.lang.NullPointerException

Web table user order feature. #9  Time elapsed: 0 s  <<< ERROR!
java.lang.NullPointerException

Web table user order feature. #10  Time elapsed: 0.024 s  <<< ERROR!
io.cucumber.core.exception.CucumberException: Failed to instantiate class com.cydeo.step_definitions.WebTableOrder_StepDefs
Caused by: java.lang.reflect.InvocationTargetException
Caused by: java.lang.NullPointerException

Web table user order feature. #10  Time elapsed: 0 s  <<< ERROR!
java.lang.NullPointerException

Web table user order feature. #11  Time elapsed: 0.075 s  <<< ERROR!
io.cucumber.core.exception.CucumberException: Failed to instantiate class com.cydeo.step_definitions.WebTableOrder_StepDefs
Caused by: java.lang.reflect.InvocationTargetException
Caused by: java.lang.NullPointerException

Web table user order feature. #11  Time elapsed: 0 s  <<< ERROR!
java.lang.NullPointerException

Web table user order feature. #12  Time elapsed: 0.078 s  <<< ERROR!
io.cucumber.core.exception.CucumberException: Failed to instantiate class com.cydeo.step_definitions.WebTableOrder_StepDefs
Caused by: java.lang.reflect.InvocationTargetException
Caused by: java.lang.NullPointerException

Web table user order feature. #12  Time elapsed: 0 s  <<< ERROR!
java.lang.NullPointerException

