-------------------------------------------------------------------------------
Test set: Web table user order feature
-------------------------------------------------------------------------------
Tests run: 26, Failures: 0, Errors: 26, Skipped: 0, Time elapsed: 0.927 s <<< FAILURE! - in Web table user order feature
Web table user order feature.User should be able to place order and order seen in web table  Time elapsed: 0.072 s  <<< ERROR!
io.cucumber.core.exception.CucumberException: Failed to instantiate class com.cydeo.step_definitions.WebTableOrder_StepDefs
Caused by: java.lang.reflect.InvocationTargetException
Caused by: java.lang.NullPointerException

Web table user order feature.User should be able to place order and order seen in web table  Time elapsed: 0 s  <<< ERROR!
java.lang.NullPointerException

Web table user order feature. #1  Time elapsed: 0.258 s  <<< ERROR!
io.cucumber.core.exception.CucumberException: Failed to instantiate class com.cydeo.step_definitions.WebTableOrder_StepDefs
Caused by: java.lang.reflect.InvocationTargetException
Caused by: java.lang.NullPointerException

Web table user order feature. #1  Time elapsed: 0 s  <<< ERROR!
java.lang.NullPointerException

Web table user order feature. #2  Time elapsed: 0.084 s  <<< ERROR!
io.cucumber.core.exception.CucumberException: Failed to instantiate class com.cydeo.step_definitions.WebTableOrder_StepDefs
Caused by: java.lang.reflect.InvocationTargetException
Caused by: java.lang.NullPointerException

Web table user order feature. #2  Time elapsed: 0 s  <<< ERROR!
java.lang.NullPointerException

Web table user order feature. #3  Time elapsed: 0.087 s  <<< ERROR!
io.cucumber.core.exception.CucumberException: Failed to instantiate class com.cydeo.step_definitions.WebTableOrder_StepDefs
Caused by: java.lang.reflect.InvocationTargetException
Caused by: java.lang.NullPointerException

Web table user order feature. #3  Time elapsed: 0 s  <<< ERROR!
java.lang.NullPointerException

Web table user order feature. #4  Time elapsed: 0.056 s  <<< ERROR!
io.cucumber.core.exception.CucumberException: Failed to instantiate class com.cydeo.step_definitions.WebTableOrder_StepDefs
Caused by: java.lang.reflect.InvocationTargetException
Caused by: java.lang.NullPointerException

Web table user order feature. #4  Time elapsed: 0 s  <<< ERROR!
java.lang.NullPointerException

Web table user order feature. #5  Time elapsed: 0.032 s  <<< ERROR!
io.cucumber.core.exception.CucumberException: Failed to instantiate class com.cydeo.step_definitions.WebTableOrder_StepDefs
Caused by: java.lang.reflect.InvocationTargetException
Caused by: java.lang.NullPointerException

Web table user order feature. #5  Time elapsed: 0 s  <<< ERROR!
java.lang.NullPointerException

Web table user order feature. #6  Time elapsed: 0.048 s  <<< ERROR!
io.cucumber.core.exception.CucumberException: Failed to instantiate class com.cydeo.step_definitions.WebTableOrder_StepDefs
Caused by: java.lang.reflect.InvocationTargetException
Caused by: java.lang.NullPointerException

Web table user order feature. #6  Time elapsed: 0 s  <<< ERROR!
java.lang.NullPointerException

Web table user order feature. #7  Time elapsed: 0.065 s  <<< ERROR!
io.cucumber.core.exception.CucumberException: Failed to instantiate class com.cydeo.step_definitions.WebTableOrder_StepDefs
Caused by: java.lang.reflect.InvocationTargetException
Caused by: java.lang.NullPointerException

Web table user order feature. #7  Time elapsed: 0 s  <<< ERROR!
java.lang.NullPointerException

Web table user order feature. #8  Time elapsed: 0.029 s  <<< ERROR!
io.cucumber.core.exception.CucumberException: Failed to instantiate class com.cydeo.step_definitions.WebTableOrder_StepDefs
Caused by: java.lang.reflect.InvocationTargetException
Caused by: java.lang.NullPointerException

Web table user order feature. #8  Time elapsed: 0 s  <<< ERROR!
java.lang.NullPointerException

Web table user order feature. #9  Time elapsed: 0.022 s  <<< ERROR!
io.cucumber.core.exception.CucumberException: Failed to instantiate class com.cydeo.step_definitions.WebTableOrder_StepDefs
Caused by: java.lang.reflect.InvocationTargetException
Caused by: java.lang.NullPointerException

Web table user order feature. #9  Time elapsed: 0 s  <<< ERROR!
java.lang.NullPointerException

Web table user order feature. #10  Time elapsed: 0.014 s  <<< ERROR!
io.cucumber.core.exception.CucumberException: Failed to instantiate class com.cydeo.step_definitions.WebTableOrder_StepDefs
Caused by: java.lang.reflect.InvocationTargetException
Caused by: java.lang.NullPointerException

Web table user order feature. #10  Time elapsed: 0 s  <<< ERROR!
java.lang.NullPointerException

Web table user order feature. #11  Time elapsed: 0.017 s  <<< ERROR!
io.cucumber.core.exception.CucumberException: Failed to instantiate class com.cydeo.step_definitions.WebTableOrder_StepDefs
Caused by: java.lang.reflect.InvocationTargetException
Caused by: java.lang.NullPointerException

Web table user order feature. #11  Time elapsed: 0 s  <<< ERROR!
java.lang.NullPointerException

Web table user order feature. #12  Time elapsed: 0.038 s  <<< ERROR!
io.cucumber.core.exception.CucumberException: Failed to instantiate class com.cydeo.step_definitions.WebTableOrder_StepDefs
Caused by: java.lang.reflect.InvocationTargetException
Caused by: java.lang.NullPointerException

Web table user order feature. #12  Time elapsed: 0 s  <<< ERROR!
java.lang.NullPointerException

