-------------------------------------------------------------------------------
Test set: Wikipedia Search Functionality and verifications
-------------------------------------------------------------------------------
Tests run: 16, Failures: 0, Errors: 16, Skipped: 0, Time elapsed: 0.206 s <<< FAILURE! - in Wikipedia Search Functionality and verifications
Wikipedia Search Functionality and verifications.Wikipedia Search Functionality Title Verification #1  Time elapsed: 0.037 s  <<< ERROR!
io.cucumber.core.exception.CucumberException: Failed to instantiate class com.cydeo.step_definitions.wikiSearch_StepDef
Caused by: java.lang.reflect.InvocationTargetException
Caused by: java.lang.NullPointerException

Wikipedia Search Functionality and verifications.Wikipedia Search Functionality Title Verification #1  Time elapsed: 0 s  <<< ERROR!
java.lang.NullPointerException

Wikipedia Search Functionality and verifications.Wikipedia Search Functionality Title Verification #2  Time elapsed: 0.032 s  <<< ERROR!
io.cucumber.core.exception.CucumberException: Failed to instantiate class com.cydeo.step_definitions.wikiSearch_StepDef
Caused by: java.lang.reflect.InvocationTargetException
Caused by: java.lang.NullPointerException

Wikipedia Search Functionality and verifications.Wikipedia Search Functionality Title Verification #2  Time elapsed: 0 s  <<< ERROR!
java.lang.NullPointerException

Wikipedia Search Functionality and verifications.Wikipedia Search Functionality Title Verification with using DDT #1  Time elapsed: 0.014 s  <<< ERROR!
io.cucumber.core.exception.CucumberException: Failed to instantiate class com.cydeo.step_definitions.wikiSearch_StepDef
Caused by: java.lang.reflect.InvocationTargetException
Caused by: java.lang.NullPointerException

Wikipedia Search Functionality and verifications.Wikipedia Search Functionality Title Verification with using DDT #1  Time elapsed: 0 s  <<< ERROR!
java.lang.NullPointerException

Wikipedia Search Functionality and verifications.Wikipedia Search Functionality Title Verification with using DDT #2  Time elapsed: 0.03 s  <<< ERROR!
io.cucumber.core.exception.CucumberException: Failed to instantiate class com.cydeo.step_definitions.wikiSearch_StepDef
Caused by: java.lang.reflect.InvocationTargetException
Caused by: java.lang.NullPointerException

Wikipedia Search Functionality and verifications.Wikipedia Search Functionality Title Verification with using DDT #2  Time elapsed: 0 s  <<< ERROR!
java.lang.NullPointerException

Wikipedia Search Functionality and verifications.Wikipedia Search Functionality Title Verification with using DDT #3  Time elapsed: 0.019 s  <<< ERROR!
io.cucumber.core.exception.CucumberException: Failed to instantiate class com.cydeo.step_definitions.wikiSearch_StepDef
Caused by: java.lang.reflect.InvocationTargetException
Caused by: java.lang.NullPointerException

Wikipedia Search Functionality and verifications.Wikipedia Search Functionality Title Verification with using DDT #3  Time elapsed: 0 s  <<< ERROR!
java.lang.NullPointerException

Wikipedia Search Functionality and verifications.Wikipedia Search Functionality Title Verification with using DDT #4  Time elapsed: 0.02 s  <<< ERROR!
io.cucumber.core.exception.CucumberException: Failed to instantiate class com.cydeo.step_definitions.wikiSearch_StepDef
Caused by: java.lang.reflect.InvocationTargetException
Caused by: java.lang.NullPointerException

Wikipedia Search Functionality and verifications.Wikipedia Search Functionality Title Verification with using DDT #4  Time elapsed: 0 s  <<< ERROR!
java.lang.NullPointerException

Wikipedia Search Functionality and verifications.Wikipedia Search Functionality Title Verification with using DDT #5  Time elapsed: 0.028 s  <<< ERROR!
io.cucumber.core.exception.CucumberException: Failed to instantiate class com.cydeo.step_definitions.wikiSearch_StepDef
Caused by: java.lang.reflect.InvocationTargetException
Caused by: java.lang.NullPointerException

Wikipedia Search Functionality and verifications.Wikipedia Search Functionality Title Verification with using DDT #5  Time elapsed: 0 s  <<< ERROR!
java.lang.NullPointerException

Wikipedia Search Functionality and verifications.Wikipedia Search Functionality Title Verification with using DDT #6  Time elapsed: 0.022 s  <<< ERROR!
io.cucumber.core.exception.CucumberException: Failed to instantiate class com.cydeo.step_definitions.wikiSearch_StepDef
Caused by: java.lang.reflect.InvocationTargetException
Caused by: java.lang.NullPointerException

Wikipedia Search Functionality and verifications.Wikipedia Search Functionality Title Verification with using DDT #6  Time elapsed: 0 s  <<< ERROR!
java.lang.NullPointerException

