-------------------------------------------------------------------------------
Test set: Wikipedia Search Functionality and verifications
-------------------------------------------------------------------------------
Tests run: 16, Failures: 0, Errors: 16, Skipped: 0, Time elapsed: 0.279 s <<< FAILURE! - in Wikipedia Search Functionality and verifications
Wikipedia Search Functionality and verifications.Wikipedia Search Functionality Title Verification #1  Time elapsed: 0.023 s  <<< ERROR!
io.cucumber.core.exception.CucumberException: Failed to instantiate class com.cydeo.step_definitions.wikiSearch_StepDef
Caused by: java.lang.reflect.InvocationTargetException
Caused by: java.lang.NullPointerException

Wikipedia Search Functionality and verifications.Wikipedia Search Functionality Title Verification #1  Time elapsed: 0 s  <<< ERROR!
java.lang.NullPointerException

Wikipedia Search Functionality and verifications.Wikipedia Search Functionality Title Verification #2  Time elapsed: 0.024 s  <<< ERROR!
io.cucumber.core.exception.CucumberException: Failed to instantiate class com.cydeo.step_definitions.wikiSearch_StepDef
Caused by: java.lang.reflect.InvocationTargetException
Caused by: java.lang.NullPointerException

Wikipedia Search Functionality and verifications.Wikipedia Search Functionality Title Verification #2  Time elapsed: 0 s  <<< ERROR!
java.lang.NullPointerException

Wikipedia Search Functionality and verifications.Wikipedia Search Functionality Title Verification with using DDT #1  Time elapsed: 0.047 s  <<< ERROR!
io.cucumber.core.exception.CucumberException: Failed to instantiate class com.cydeo.step_definitions.wikiSearch_StepDef
Caused by: java.lang.reflect.InvocationTargetException
Caused by: java.lang.NullPointerException

Wikipedia Search Functionality and verifications.Wikipedia Search Functionality Title Verification with using DDT #1  Time elapsed: 0 s  <<< ERROR!
java.lang.NullPointerException

Wikipedia Search Functionality and verifications.Wikipedia Search Functionality Title Verification with using DDT #2  Time elapsed: 0.023 s  <<< ERROR!
io.cucumber.core.exception.CucumberException: Failed to instantiate class com.cydeo.step_definitions.wikiSearch_StepDef
Caused by: java.lang.reflect.InvocationTargetException
Caused by: java.lang.NullPointerException

Wikipedia Search Functionality and verifications.Wikipedia Search Functionality Title Verification with using DDT #2  Time elapsed: 0 s  <<< ERROR!
java.lang.NullPointerException

Wikipedia Search Functionality and verifications.Wikipedia Search Functionality Title Verification with using DDT #3  Time elapsed: 0.026 s  <<< ERROR!
io.cucumber.core.exception.CucumberException: Failed to instantiate class com.cydeo.step_definitions.wikiSearch_StepDef
Caused by: java.lang.reflect.InvocationTargetException
Caused by: java.lang.NullPointerException

Wikipedia Search Functionality and verifications.Wikipedia Search Functionality Title Verification with using DDT #3  Time elapsed: 0 s  <<< ERROR!
java.lang.NullPointerException

Wikipedia Search Functionality and verifications.Wikipedia Search Functionality Title Verification with using DDT #4  Time elapsed: 0.009 s  <<< ERROR!
io.cucumber.core.exception.CucumberException: Failed to instantiate class com.cydeo.step_definitions.wikiSearch_StepDef
Caused by: java.lang.reflect.InvocationTargetException
Caused by: java.lang.NullPointerException

Wikipedia Search Functionality and verifications.Wikipedia Search Functionality Title Verification with using DDT #4  Time elapsed: 0 s  <<< ERROR!
java.lang.NullPointerException

Wikipedia Search Functionality and verifications.Wikipedia Search Functionality Title Verification with using DDT #5  Time elapsed: 0.017 s  <<< ERROR!
io.cucumber.core.exception.CucumberException: Failed to instantiate class com.cydeo.step_definitions.wikiSearch_StepDef
Caused by: java.lang.reflect.InvocationTargetException
Caused by: java.lang.NullPointerException

Wikipedia Search Functionality and verifications.Wikipedia Search Functionality Title Verification with using DDT #5  Time elapsed: 0 s  <<< ERROR!
java.lang.NullPointerException

Wikipedia Search Functionality and verifications.Wikipedia Search Functionality Title Verification with using DDT #6  Time elapsed: 0.097 s  <<< ERROR!
io.cucumber.core.exception.CucumberException: Failed to instantiate class com.cydeo.step_definitions.wikiSearch_StepDef
Caused by: java.lang.reflect.InvocationTargetException
Caused by: java.lang.NullPointerException

Wikipedia Search Functionality and verifications.Wikipedia Search Functionality Title Verification with using DDT #6  Time elapsed: 0 s  <<< ERROR!
java.lang.NullPointerException

